[18.06.2018 20:09] () > CREATE DATABASE IF NOT EXISTS distrib
[18.06.2018 20:09] () > CREATE DATABASE IF NOT EXISTS distrib
[18.06.2018 20:09] () > CREATE DATABASE IF NOT EXISTS distrib
[18.06.2018 20:09] () > CREATE TABLE IF NOT EXISTS p_groups ( id 		INT 	UNSIGNED AUTO_INCREMENT NOT NULL PRIMARY KEY, name		VARCHAR(40) UNIQUE, obs		VARCHAR(60), trustee	BIGINT UNSIGNED ) TYPE=INNODB;
[18.06.2018 20:09] () > SELECT * FROM p_groups WHERE name="Developer"
[18.06.2018 20:09] () > CREATE TABLE IF NOT EXISTS p_session ( id 		BIGINT UNSIGNED AUTO_INCREMENT NOT NULL PRIMARY KEY, user		INT		UNSIGNED, ip		VARCHAR(15), day		CHAR(2), serial	VARCHAR(60), name		VARCHAR(40), project	VARCHAR(20), transp1	BLOB, transp2	BLOB, trustee	BIGINT UNSIGNED, INDEX(serial) ) TYPE=INNODB;
[18.06.2018 20:09] () > CREATE TABLE IF NOT EXISTS p_users ( id 		INT 	UNSIGNED AUTO_INCREMENT NOT NULL PRIMARY KEY, name		VARCHAR(40) UNIQUE, obs		VARCHAR(60), resh		INT UNSIGNED, resv		INT UNSIGNED, local		VARCHAR(60), lang		VARCHAR(2), trustee	BIGINT UNSIGNED, password	VARCHAR(20) ) TYPE=INNODB;
[18.06.2018 20:09] () > CREATE TABLE IF NOT EXISTS p_ref_int ( id 	INT 	UNSIGNED AUTO_INCREMENT NOT NULL PRIMARY KEY, _dep_table	VARCHAR(20), _dep_field	VARCHAR(15), _ref_table	VARCHAR(20), _ref_field	VARCHAR(15), _operation	VARCHAR(10) ) TYPE=INNODB;
[18.06.2018 20:09] () > SELECT * FROM p_users WHERE name="Developer"
[18.06.2018 20:09] () > CREATE TABLE IF NOT EXISTS p_log ( id 		INT 	UNSIGNED AUTO_INCREMENT NOT NULL PRIMARY KEY, year		CHAR (4), month		CHAR (2), day		CHAR (2), hour		CHAR (2), minute	CHAR (2), second 	CHAR (2), user		VARCHAR(20), action	VARCHAR(80), status	CHAR (2), obs		VARCHAR(250) ) TYPE=INNODB;
[18.06.2018 20:09] () > SELECT * FROM p_users WHERE name="Developer";
[18.06.2018 20:09] () > SELECT * FROM p_users WHERE id="30";
[18.06.2018 20:09] () > SELECT * FROM p_groups;
[18.06.2018 20:09] () > INSERT INTO p_log ( id, year, month, day, hour, minute, second, user, action, status, obs ) VALUES ( null, "18", "06", "18", "20", "09", "47", "Developer", "Login at 127.0.0.1", "OK", "" ) ; 
[18.06.2018 20:09] () > CREATE TABLE IF NOT EXISTS p_version ( id 		INT 	UNSIGNED AUTO_INCREMENT NOT NULL PRIMARY KEY, dbversion	VARCHAR(10), dbrelease	VARCHAR(10) ) TYPE=INNODB;
[18.06.2018 20:09] () > SELECT dbversion, dbrelease FROM p_version where id=1
[18.06.2018 20:09] () > SELECT name FROM p_proc WHERE name="autostart"
[18.06.2018 20:09] () > SELECT * FROM p_users WHERE id="30";
[18.06.2018 20:09] () > SELECT * FROM p_groups;
[18.06.2018 20:09] () > SELECT name FROM p_users WHERE id="30";
[18.06.2018 20:09] () > INSERT INTO p_session ( id, user, ip, day, serial, name, project, transp1, transp2, trustee ) VALUES ( null, "30", "127.0.0.1", "18", "f9867ded4e8187c844d2c1ee5c82560b", "Developer", "distrib", null, null, "2147483647"); 
[18.06.2018 20:09] () > DELETE FROM p_session WHERE day < 17;
[18.06.2018 20:20] () > SELECT p_proc.id,name,descr,type FROM p_proc ORDER BY name LIMIT 0,26 ;
[18.06.2018 20:21] () > SELECT p_users.id,name FROM p_users LIMIT 0,26 ;
[18.06.2018 20:21] () > SHOW TABLES;
[18.06.2018 20:21] () > SHOW TABLES;
[18.06.2018 20:21] () > SHOW TABLES;
[18.06.2018 20:21] () > SHOW TABLES;
[18.06.2018 20:21] () > SELECT p_proc.id,name,descr,type FROM p_proc ORDER BY name LIMIT 0,26 ;
[18.06.2018 20:21] () > SELECT * FROM p_proc WHERE id = 17;
[18.06.2018 20:21] () > SELECT p_proc.id,name,descr,type FROM p_proc ORDER BY name LIMIT 0,26 ;
[18.06.2018 20:31] () > SELECT um.id,u_cod,u_descri,u_ref,u_mult,u_prior FROM um ORDER BY u_prior asc,u_ref,u_descri LIMIT 0,100 ;
